<?xml version="1.0" encoding="UTF-8"?>
<testng-results ignored="0" total="1" passed="1" failed="0" skipped="0">
  <reporter-output>
  </reporter-output>
  <suite started-at="2021-12-18T00:45:17 CET" name="All Test Suite" finished-at="2021-12-18T00:45:30 CET" duration-ms="13117">
    <groups>
    </groups>
    <test started-at="2021-12-18T00:45:17 CET" name="Open application, Register new Account" finished-at="2021-12-18T00:45:30 CET" duration-ms="13117">
      <class name="tests.ScenarioOne">
        <test-method is-config="true" signature="beforeTest()[pri:0, instance:tests.ScenarioOne@7e1a1da6]" started-at="2021-12-18T00:45:17 CET" name="beforeTest" finished-at="2021-12-18T00:45:22 CET" duration-ms="4750" status="PASS">
          <reporter-output>
          </reporter-output>
        </test-method> <!-- beforeTest -->
        <test-method signature="VerifyItemsToCheckout()[pri:0, instance:tests.ScenarioOne@7e1a1da6]" started-at="2021-12-18T00:45:22 CET" name="VerifyItemsToCheckout" finished-at="2021-12-18T00:45:30 CET" duration-ms="8103" status="PASS">
          <reporter-output>
          </reporter-output>
        </test-method> <!-- VerifyItemsToCheckout -->
        <test-method is-config="true" signature="afterSuite()[pri:0, instance:tests.ScenarioOne@7e1a1da6]" started-at="2021-12-18T00:45:30 CET" name="afterSuite" finished-at="2021-12-18T00:45:30 CET" duration-ms="168" status="PASS">
          <reporter-output>
          </reporter-output>
        </test-method> <!-- afterSuite -->
      </class> <!-- tests.ScenarioOne -->
    </test> <!-- Open application, Register new Account -->
  </suite> <!-- All Test Suite -->
</testng-results>
